This is pdfTeX, Version 3.14159265-2.6-1.40.20 (MiKTeX 2.9.7050 64-bit) (preloaded format=pdflatex 2019.6.2)  14 JUL 2019 15:12
entering extended mode
**./LaboratoryEarthQuakePrediction.tex
(LaboratoryEarthQuakePrediction.tex
LaTeX2e <2018-12-01>
(llncs.cls
Document Class: llncs 2004/08/17 v2.14 
 LaTeX document class for Lecture Notes in Computer Science
("C:\Users\danie\AppData\Local\Programs\MiKTeX 2.9\tex/latex/base\article.cls"
Document Class: article 2018/09/03 v1.4i Standard LaTeX document class
("C:\Users\danie\AppData\Local\Programs\MiKTeX 2.9\tex/latex/base\size10.clo"
File: size10.clo 2018/09/03 v1.4i Standard LaTeX file (size option)
)
\c@part=\count80
\c@section=\count81
\c@subsection=\count82
\c@subsubsection=\count83
\c@paragraph=\count84
\c@subparagraph=\count85
\c@figure=\count86
\c@table=\count87
\abovecaptionskip=\skip41
\belowcaptionskip=\skip42
\bibindent=\dimen102
) ("C:\Users\danie\AppData\Local\Programs\MiKTeX 2.9\tex/latex/tools\multicol.s
ty"
Package: multicol 2018/12/27 v1.8v multicolumn formatting (FMi)
\c@tracingmulticols=\count88
\mult@box=\box27
\multicol@leftmargin=\dimen103
\c@unbalance=\count89
\c@collectmore=\count90
\doublecol@number=\count91
\multicoltolerance=\count92
\multicolpretolerance=\count93
\full@width=\dimen104
\page@free=\dimen105
\premulticols=\dimen106
\postmulticols=\dimen107
\multicolsep=\skip43
\multicolbaselineskip=\skip44
\partial@page=\box28
\last@line=\box29
\maxbalancingoverflow=\dimen108
\mult@rightbox=\box30
\mult@grightbox=\box31
\mult@gfirstbox=\box32
\mult@firstbox=\box33
\@tempa=\box34
\@tempa=\box35
\@tempa=\box36
\@tempa=\box37
\@tempa=\box38
\@tempa=\box39
\@tempa=\box40
\@tempa=\box41
\@tempa=\box42
\@tempa=\box43
\@tempa=\box44
\@tempa=\box45
\@tempa=\box46
\@tempa=\box47
\@tempa=\box48
\@tempa=\box49
\@tempa=\box50
\c@columnbadness=\count94
\c@finalcolumnbadness=\count95
\last@try=\dimen109
\multicolovershoot=\dimen110
\multicolundershoot=\dimen111
\mult@nat@firstbox=\box51
\colbreak@box=\box52
\mc@col@check@num=\count96
)
\c@chapter=\count97
LaTeX Font Info:    Redeclaring math symbol \Gamma on input line 360.
LaTeX Font Info:    Redeclaring math symbol \Delta on input line 361.
LaTeX Font Info:    Redeclaring math symbol \Theta on input line 362.
LaTeX Font Info:    Redeclaring math symbol \Lambda on input line 363.
LaTeX Font Info:    Redeclaring math symbol \Xi on input line 364.
LaTeX Font Info:    Redeclaring math symbol \Pi on input line 365.
LaTeX Font Info:    Redeclaring math symbol \Sigma on input line 366.
LaTeX Font Info:    Redeclaring math symbol \Upsilon on input line 367.
LaTeX Font Info:    Redeclaring math symbol \Phi on input line 368.
LaTeX Font Info:    Redeclaring math symbol \Psi on input line 369.
LaTeX Font Info:    Redeclaring math symbol \Omega on input line 370.
\tocchpnum=\dimen112
\tocsecnum=\dimen113
\tocsectotal=\dimen114
\tocsubsecnum=\dimen115
\tocsubsectotal=\dimen116
\tocsubsubsecnum=\dimen117
\tocsubsubsectotal=\dimen118
\tocparanum=\dimen119
\tocparatotal=\dimen120
\tocsubparanum=\dimen121
\@tempcntc=\count98
\fnindent=\dimen122
\c@@inst=\count99
\c@@auth=\count100
\c@auco=\count101
\instindent=\dimen123
\authrun=\box53
\authorrunning=\toks14
\tocauthor=\toks15
\titrun=\box54
\titlerunning=\toks16
\toctitle=\toks17
\c@theorem=\count102
\c@case=\count103
\c@conjecture=\count104
\c@corollary=\count105
\c@definition=\count106
\c@example=\count107
\c@exercise=\count108
\c@lemma=\count109
\c@note=\count110
\c@problem=\count111
\c@property=\count112
\c@proposition=\count113
\c@question=\count114
\c@solution=\count115
\c@remark=\count116
\headlineindent=\dimen124
)
("C:\Users\danie\AppData\Local\Programs\MiKTeX 2.9\tex/latex/base\makeidx.sty"
Package: makeidx 2014/09/29 v1.0m Standard LaTeX package
)
("C:\Users\danie\AppData\Local\Programs\MiKTeX 2.9\tex/latex/graphics\graphicx.
sty"
Package: graphicx 2017/06/01 v1.1a Enhanced LaTeX Graphics (DPC,SPQR)

("C:\Users\danie\AppData\Local\Programs\MiKTeX 2.9\tex/latex/graphics\keyval.st
y"
Package: keyval 2014/10/28 v1.15 key=value parser (DPC)
\KV@toks@=\toks18
)
("C:\Users\danie\AppData\Local\Programs\MiKTeX 2.9\tex/latex/graphics\graphics.
sty"
Package: graphics 2017/06/25 v1.2c Standard LaTeX Graphics (DPC,SPQR)

("C:\Users\danie\AppData\Local\Programs\MiKTeX 2.9\tex/latex/graphics\trig.sty"
Package: trig 2016/01/03 v1.10 sin cos tan (DPC)
)
("C:\Users\danie\AppData\Local\Programs\MiKTeX 2.9\tex/latex/graphics-cfg\graph
ics.cfg"
File: graphics.cfg 2016/06/04 v1.11 sample graphics configuration
)
Package graphics Info: Driver file: pdftex.def on input line 99.

("C:\Users\danie\AppData\Local\Programs\MiKTeX 2.9\tex/latex/graphics-def\pdfte
x.def"
File: pdftex.def 2018/01/08 v1.0l Graphics/color driver for pdftex
))
\Gin@req@height=\dimen125
\Gin@req@width=\dimen126
)
("C:\Users\danie\AppData\Local\Programs\MiKTeX 2.9\tex/latex/makecell\makecell.
sty"
Package: makecell 2009/08/03 V0.1e Managing of Tab Column Heads and Cells

("C:\Users\danie\AppData\Local\Programs\MiKTeX 2.9\tex/latex/tools\array.sty"
Package: array 2018/12/30 v2.4k Tabular extension package (FMi)
\col@sep=\dimen127
\ar@mcellbox=\box55
\extrarowheight=\dimen128
\NC@list=\toks19
\extratabsurround=\skip45
\backup@length=\skip46
\ar@cellbox=\box56
)
\rotheadsize=\dimen129
\c@nlinenum=\count117
\TeXr@lab=\toks20
) (LaboratoryEarthQuakePrediction.aux)
\openout1 = `LaboratoryEarthQuakePrediction.aux'.

LaTeX Font Info:    Checking defaults for OML/cmm/m/it on input line 7.
LaTeX Font Info:    ... okay on input line 7.
LaTeX Font Info:    Checking defaults for T1/cmr/m/n on input line 7.
LaTeX Font Info:    ... okay on input line 7.
LaTeX Font Info:    Checking defaults for OT1/cmr/m/n on input line 7.
LaTeX Font Info:    ... okay on input line 7.
LaTeX Font Info:    Checking defaults for OMS/cmsy/m/n on input line 7.
LaTeX Font Info:    ... okay on input line 7.
LaTeX Font Info:    Checking defaults for OMX/cmex/m/n on input line 7.
LaTeX Font Info:    ... okay on input line 7.
LaTeX Font Info:    Checking defaults for U/cmr/m/n on input line 7.
LaTeX Font Info:    ... okay on input line 7.

("C:\Users\danie\AppData\Local\Programs\MiKTeX 2.9\tex/context/base/mkii\supp-p
df.mkii"
[Loading MPS to PDF converter (version 2006.09.02).]
\scratchcounter=\count118
\scratchdimen=\dimen130
\scratchbox=\box57
\nofMPsegments=\count119
\nofMParguments=\count120
\everyMPshowfont=\toks21
\MPscratchCnt=\count121
\MPscratchDim=\dimen131
\MPnumerator=\count122
\makeMPintoPDFobject=\count123
\everyMPtoPDFconversion=\toks22
)
("C:\Users\danie\AppData\Local\Programs\MiKTeX 2.9\tex/latex/oberdiek\epstopdf-
base.sty"
Package: epstopdf-base 2016/05/15 v2.6 Base part for package epstopdf

("C:\Users\danie\AppData\Local\Programs\MiKTeX 2.9\tex/generic/oberdiek\infware
rr.sty"
Package: infwarerr 2016/05/16 v1.4 Providing info/warning/error messages (HO)
)
("C:\Users\danie\AppData\Local\Programs\MiKTeX 2.9\tex/latex/oberdiek\grfext.st
y"
Package: grfext 2016/05/16 v1.2 Manage graphics extensions (HO)

("C:\Users\danie\AppData\Local\Programs\MiKTeX 2.9\tex/generic/oberdiek\kvdefin
ekeys.sty"
Package: kvdefinekeys 2016/05/16 v1.4 Define keys (HO)

("C:\Users\danie\AppData\Local\Programs\MiKTeX 2.9\tex/generic/oberdiek\ltxcmds
.sty"
Package: ltxcmds 2016/05/16 v1.23 LaTeX kernel commands for general use (HO)
)))
("C:\Users\danie\AppData\Local\Programs\MiKTeX 2.9\tex/latex/oberdiek\kvoptions
.sty"
Package: kvoptions 2016/05/16 v3.12 Key value format for package options (HO)

("C:\Users\danie\AppData\Local\Programs\MiKTeX 2.9\tex/generic/oberdiek\kvsetke
ys.sty"
Package: kvsetkeys 2016/05/16 v1.17 Key value parser (HO)

("C:\Users\danie\AppData\Local\Programs\MiKTeX 2.9\tex/generic/oberdiek\etexcmd
s.sty"
Package: etexcmds 2016/05/16 v1.6 Avoid name clashes with e-TeX commands (HO)

("C:\Users\danie\AppData\Local\Programs\MiKTeX 2.9\tex/generic/oberdiek\ifluate
x.sty"
Package: ifluatex 2016/05/16 v1.4 Provides the ifluatex switch (HO)
Package ifluatex Info: LuaTeX not detected.
))))
("C:\Users\danie\AppData\Local\Programs\MiKTeX 2.9\tex/generic/oberdiek\pdftexc
mds.sty"
Package: pdftexcmds 2018/09/10 v0.29 Utility functions of pdfTeX for LuaTeX (HO
)

("C:\Users\danie\AppData\Local\Programs\MiKTeX 2.9\tex/generic/oberdiek\ifpdf.s
ty"
Package: ifpdf 2018/09/07 v3.3 Provides the ifpdf switch
)
Package pdftexcmds Info: LuaTeX not detected.
Package pdftexcmds Info: \pdf@primitive is available.
Package pdftexcmds Info: \pdf@ifprimitive is available.
Package pdftexcmds Info: \pdfdraftmode found.
)
Package epstopdf-base Info: Redefining graphics rule for `.eps' on input line 4
38.
Package grfext Info: Graphics extension search list:
(grfext)             [.pdf,.png,.jpg,.mps,.jpeg,.jbig2,.jb2,.PDF,.PNG,.JPG,.JPE
G,.JBIG2,.JB2,.eps]
(grfext)             \AppendGraphicsExtensions on input line 456.
)
LaTeX Font Info:    External font `cmex10' loaded for size
(Font)              <7> on input line 19.
LaTeX Font Info:    External font `cmex10' loaded for size
(Font)              <5> on input line 19.
 [1

{C:/Users/danie/AppData/Local/MiKTeX/2.9/pdftex/config/pdftex.map}]
<lab.png, id=9, 286.671pt x 271.61475pt>
File: lab.png Graphic file (type png)
<use lab.png>
Package pdftex.def Info: lab.png  used on input line 46.
(pdftex.def)             Requested size: 347.12354pt x 328.90765pt.


LaTeX Warning: `!h' float specifier changed to `!ht'.

[2]
Underfull \vbox (badness 10000) has occurred while \output is active []

 [3 <./lab.png>]
LaTeX Font Info:    External font `cmex10' loaded for size
(Font)              <9> on input line 75.
LaTeX Font Info:    External font `cmex10' loaded for size
(Font)              <6> on input line 75.

Overfull \hbox (28.15474pt too wide) in paragraph at lines 75--79
 [] 
 []


LaTeX Warning: `!h' float specifier changed to `!ht'.


LaTeX Warning: `!h' float specifier changed to `!ht'.

<timeSeries.png, id=16, 586.44093pt x 368.1253pt>
File: timeSeries.png Graphic file (type png)
<use timeSeries.png>
Package pdftex.def Info: timeSeries.png  used on input line 100.
(pdftex.def)             Requested size: 347.12354pt x 217.8998pt.

LaTeX Warning: `!h' float specifier changed to `!ht'.

<zoomedInTimePLot.png, id=18, 586.44093pt x 368.1253pt>
File: zoomedInTimePLot.png Graphic file (type png)
<use zoomedInTimePLot.png>
Package pdftex.def Info: zoomedInTimePLot.png  used on input line 107.
(pdftex.def)             Requested size: 347.12354pt x 217.8998pt.

LaTeX Warning: `!h' float specifier changed to `!ht'.

<timeToFailureHistogram.png, id=19, 301.8778pt x 201.00093pt>
File: timeToFailureHistogram.png Graphic file (type png)
<use timeToFailureHistogram.png>
Package pdftex.def Info: timeToFailureHistogram.png  used on input line 114.
(pdftex.def)             Requested size: 347.12354pt x 231.12779pt.

LaTeX Warning: `!h' float specifier changed to `!ht'.

<timeDistribution.png, id=20, 362.10281pt x 275.52937pt>
File: timeDistribution.png Graphic file (type png)
<use timeDistribution.png>
Package pdftex.def Info: timeDistribution.png  used on input line 121.
(pdftex.def)             Requested size: 347.12354pt x 264.13521pt.

LaTeX Warning: `!h' float specifier changed to `!ht'.

<acousticDataDistribution.png, id=21, 465.99094pt x 254.45062pt>
File: acousticDataDistribution.png Graphic file (type png)
<use acousticDataDistribution.png>
Package pdftex.def Info: acousticDataDistribution.png  used on input line 128.
(pdftex.def)             Requested size: 347.12354pt x 189.55235pt.

LaTeX Warning: `!h' float specifier changed to `!ht'.

<timeToFailureDistribution.png, id=22, 460.72125pt x 241.65282pt>
File: timeToFailureDistribution.png Graphic file (type png)
<use timeToFailureDistribution.png>
Package pdftex.def Info: timeToFailureDistribution.png  used on input line 135.

(pdftex.def)             Requested size: 347.12354pt x 182.0688pt.

LaTeX Warning: `!h' float specifier changed to `!ht'.

<logTimeToFailureDistribution.png, id=23, 455.45157pt x 241.65282pt>
File: logTimeToFailureDistribution.png Graphic file (type png)
<use logTimeToFailureDistribution.png>
Package pdftex.def Info: logTimeToFailureDistribution.png  used on input line 1
42.
(pdftex.def)             Requested size: 347.12354pt x 184.17795pt.

LaTeX Warning: `!h' float specifier changed to `!ht'.

<sqrtTimeToFailureDistribution.png, id=24, 455.45157pt x 241.65282pt>
File: sqrtTimeToFailureDistribution.png Graphic file (type png)
<use sqrtTimeToFailureDistribution.png>
Package pdftex.def Info: sqrtTimeToFailureDistribution.png  used on input line 
149.
(pdftex.def)             Requested size: 347.12354pt x 184.17795pt.

LaTeX Warning: `!h' float specifier changed to `!ht'.

[4]
<rSquaredandMAE.png, id=28, 590.95781pt x 377.15906pt>
File: rSquaredandMAE.png Graphic file (type png)
<use rSquaredandMAE.png>
Package pdftex.def Info: rSquaredandMAE.png  used on input line 159.
(pdftex.def)             Requested size: 347.12354pt x 221.54356pt.
 [5 <./timeSeries.png>]

LaTeX Warning: `!h' float specifier changed to `!ht'.


LaTeX Warning: `!h' float specifier changed to `!ht'.


Underfull \vbox (badness 10000) has occurred while \output is active []

 [6 <./zoomedInTimePLot.png>]
Overfull \vbox (11.75171pt too high) has occurred while \output is active []


[7 <./timeToFailureHistogram.png>]
Overfull \hbox (1.26602pt too wide) in paragraph at lines 197--198
[]\OT1/cmr/m/n/10 Hyper-parameters for this tech-nique are 'maxdepth': 25, 'max
fea-tures': 'auto',
 []


Overfull \hbox (40.84962pt too wide) in paragraph at lines 197--198
\OT1/cmr/m/n/10 'min-sam-plesleaf': 16, 'min-sam-p-less-plit': 30, 'min-weight-
frac-tion-leaf': 0.06225661421078982,
 []

<results1.png, id=42, 1103.62312pt x 246.9225pt>
File: results1.png Graphic file (type png)
<use results1.png>
Package pdftex.def Info: results1.png  used on input line 201.
(pdftex.def)             Requested size: 347.12354pt x 77.66418pt.

LaTeX Warning: `!h' float specifier changed to `!ht'.

<results2.png, id=43, 1103.62312pt x 246.9225pt>
File: results2.png Graphic file (type png)
<use results2.png>
Package pdftex.def Info: results2.png  used on input line 208.
(pdftex.def)             Requested size: 347.12354pt x 77.66418pt.

Underfull \hbox (badness 2951) in paragraph at lines 211--211
[]\OT1/cmr/bx/n/9 Fig.12. \OT1/cmr/m/n/9 Re-sults we achieved us-ing Ad-aBoost-
Re-gres-sor: MAE: 1.67, r2score:
 []


Underfull \hbox (badness 10000) in paragraph at lines 211--211
\OT1/cmr/m/n/9 0.62 (Fig.11). Hyper-parameters for this tech-nique are: 'learn-
ingrate':
 []


Underfull \hbox (badness 10000) in paragraph at lines 211--211
\OT1/cmr/m/n/9 0.018261985736355728, 'loss': 'square', nes-ti-ma-tors = 500, ba
sees-ti-ma-
 []


LaTeX Warning: `!h' float specifier changed to `!ht'.

<analysis.png, id=44, 1087.06125pt x 1056.94875pt>
File: analysis.png Graphic file (type png)
<use analysis.png>
Package pdftex.def Info: analysis.png  used on input line 220.
(pdftex.def)             Requested size: 347.12354pt x 337.50476pt.

LaTeX Warning: `!h' float specifier changed to `!ht'.


Underfull \vbox (badness 1226) has occurred while \output is active []

 [8 <./timeDistribution.png>] [9 <./acousticDataDistribution.png> <./timeToFail
ureDistribution.png>]
Underfull \vbox (badness 10000) has occurred while \output is active []

 [10 <./logTimeToFailureDistribution.png> <./sqrtTimeToFailureDistribution.png>
]
(LaboratoryEarthQuakePrediction.bbl [11 <./rSquaredandMAE.png> <./results1.png>
]
Overfull \vbox (12.79286pt too high) has occurred while \output is active []


[12 <./results2.png> <./analysis.png>]) [13]
(LaboratoryEarthQuakePrediction.aux) ) 
Here is how much of TeX's memory you used:
 2121 strings out of 492895
 30808 string characters out of 3123736
 106528 words of memory out of 3000000
 6018 multiletter control sequences out of 15000+200000
 6981 words of font info for 25 fonts, out of 3000000 for 9000
 1141 hyphenation exceptions out of 8191
 41i,8n,25p,1603b,248s stack positions out of 5000i,500n,10000p,200000b,50000s
<C:/Users/danie/AppData/Local/Programs/Mi
KTeX 2.9/fonts/type1/public/amsfonts/cm/cmbx12.pfb><C:/Users/danie/AppData/Loca
l/Programs/MiKTeX 2.9/fonts/type1/public/amsfonts/cm/cmbx9.pfb><C:/Users/danie/
AppData/Local/Programs/MiKTeX 2.9/fonts/type1/public/amsfonts/cm/cmmi10.pfb><C:
/Users/danie/AppData/Local/Programs/MiKTeX 2.9/fonts/type1/public/amsfonts/cm/c
mr10.pfb><C:/Users/danie/AppData/Local/Programs/MiKTeX 2.9/fonts/type1/public/a
msfonts/cm/cmr7.pfb><C:/Users/danie/AppData/Local/Programs/MiKTeX 2.9/fonts/typ
e1/public/amsfonts/cm/cmr9.pfb>
Output written on LaboratoryEarthQuakePrediction.pdf (13 pages, 880601 bytes).
PDF statistics:
 95 PDF objects out of 1000 (max. 8388607)
 0 named destinations out of 1000 (max. 500000)
 66 words of extra memory for PDF output out of 10000 (max. 10000000)

